Type: Warning Num: 7
Date: 2024.03.15 10:59:23 256
Sender: Available_Devices System_Info::Get_Emulator_Info( const QString &path, bool *ok,VM::Emulator_Version version, const QString &internalName )
Message: Cannot get net cards info from emulator "/usr/bin/qemu-system-arm". Use default list

Type: Warning Num: 10
Date: 2024.03.15 10:59:23 396
Sender: Available_Devices System_Info::Get_Emulator_Info( const QString &path, bool *ok,VM::Emulator_Version version, const QString &internalName )
Message: Unregistred Sound Card Name: "Machine"

Type: Error Num: 11
Date: 2024.03.15 10:59:23 508
Sender: Available_Devices System_Info::Get_Emulator_Info( const QString &path, bool *ok,VM::Emulator_Version version, const QString &internalName )
Message: Cannot get QEMU network card ID string!

Type: Warning Num: 12
Date: 2024.03.15 10:59:23 508
Sender: Available_Devices System_Info::Get_Emulator_Info( const QString &path, bool *ok,VM::Emulator_Version version, const QString &internalName )
Message: Cannot get net cards info from emulator "/usr/bin/qemu-system-cris". Use default list

Type: Warning Num: 15
Date: 2024.03.15 10:59:23 646
Sender: Available_Devices System_Info::Get_Emulator_Info( const QString &path, bool *ok,VM::Emulator_Version version, const QString &internalName )
Message: Unregistred Sound Card Name: "Machine"

Type: Error Num: 16
Date: 2024.03.15 10:59:23 693
Sender: Available_Devices System_Info::Get_Emulator_Info( const QString &path, bool *ok,VM::Emulator_Version version, const QString &internalName )
Message: Cannot get QEMU network card ID string!

Type: Warning Num: 17
Date: 2024.03.15 10:59:23 693
Sender: Available_Devices System_Info::Get_Emulator_Info( const QString &path, bool *ok,VM::Emulator_Version version, const QString &internalName )
Message: Cannot get net cards info from emulator "/usr/bin/qemu-system-m68k". Use default list

Type: Warning Num: 20
Date: 2024.03.15 10:59:23 809
Sender: Available_Devices System_Info::Get_Emulator_Info( const QString &path, bool *ok,VM::Emulator_Version version, const QString &internalName )
Message: Cannot get CPU's info from emulator "/usr/bin/qemu-system-microblaze". Use default list

Type: Warning Num: 21
Date: 2024.03.15 10:59:23 835
Sender: Available_Devices System_Info::Get_Emulator_Info( const QString &path, bool *ok,VM::Emulator_Version version, const QString &internalName )
Message: Unregistred Sound Card Name: "Machine"

Type: Error Num: 22
Date: 2024.03.15 10:59:23 883
Sender: Available_Devices System_Info::Get_Emulator_Info( const QString &path, bool *ok,VM::Emulator_Version version, const QString &internalName )
Message: Cannot get QEMU network card ID string!

Type: Warning Num: 23
Date: 2024.03.15 10:59:23 883
Sender: Available_Devices System_Info::Get_Emulator_Info( const QString &path, bool *ok,VM::Emulator_Version version, const QString &internalName )
Message: Cannot get net cards info from emulator "/usr/bin/qemu-system-microblaze". Use default list

Type: Error Num: 26
Date: 2024.03.15 10:59:24 084
Sender: Available_Devices System_Info::Get_Emulator_Info( const QString &path, bool *ok,VM::Emulator_Version version, const QString &internalName )
Message: Cannot get QEMU network card ID string!

Type: Warning Num: 27
Date: 2024.03.15 10:59:24 085
Sender: Available_Devices System_Info::Get_Emulator_Info( const QString &path, bool *ok,VM::Emulator_Version version, const QString &internalName )
Message: Cannot get net cards info from emulator "/usr/bin/qemu-system-mips". Use default list

Type: Error Num: 30
Date: 2024.03.15 10:59:24 289
Sender: Available_Devices System_Info::Get_Emulator_Info( const QString &path, bool *ok,VM::Emulator_Version version, const QString &internalName )
Message: Cannot get QEMU network card ID string!

Type: Warning Num: 31
Date: 2024.03.15 10:59:24 290
Sender: Available_Devices System_Info::Get_Emulator_Info( const QString &path, bool *ok,VM::Emulator_Version version, const QString &internalName )
Message: Cannot get net cards info from emulator "/usr/bin/qemu-system-mips64". Use default list

Type: Error Num: 34
Date: 2024.03.15 10:59:24 504
Sender: Available_Devices System_Info::Get_Emulator_Info( const QString &path, bool *ok,VM::Emulator_Version version, const QString &internalName )
Message: Cannot get QEMU network card ID string!

Type: Warning Num: 35
Date: 2024.03.15 10:59:24 504
Sender: Available_Devices System_Info::Get_Emulator_Info( const QString &path, bool *ok,VM::Emulator_Version version, const QString &internalName )
Message: Cannot get net cards info from emulator "/usr/bin/qemu-system-mips64el". Use default list

Type: Error Num: 38
Date: 2024.03.15 10:59:24 709
Sender: Available_Devices System_Info::Get_Emulator_Info( const QString &path, bool *ok,VM::Emulator_Version version, const QString &internalName )
Message: Cannot get QEMU network card ID string!

Type: Warning Num: 39
Date: 2024.03.15 10:59:24 709
Sender: Available_Devices System_Info::Get_Emulator_Info( const QString &path, bool *ok,VM::Emulator_Version version, const QString &internalName )
Message: Cannot get net cards info from emulator "/usr/bin/qemu-system-mipsel". Use default list

Type: Error Num: 42
Date: 2024.03.15 10:59:24 960
Sender: Available_Devices System_Info::Get_Emulator_Info( const QString &path, bool *ok,VM::Emulator_Version version, const QString &internalName )
Message: Cannot get QEMU network card ID string!

Type: Warning Num: 43
Date: 2024.03.15 10:59:24 960
Sender: Available_Devices System_Info::Get_Emulator_Info( const QString &path, bool *ok,VM::Emulator_Version version, const QString &internalName )
Message: Cannot get net cards info from emulator "/usr/bin/qemu-system-ppc". Use default list

Type: Error Num: 46
Date: 2024.03.15 10:59:25 241
Sender: Available_Devices System_Info::Get_Emulator_Info( const QString &path, bool *ok,VM::Emulator_Version version, const QString &internalName )
Message: Cannot get QEMU network card ID string!

Type: Warning Num: 47
Date: 2024.03.15 10:59:25 241
Sender: Available_Devices System_Info::Get_Emulator_Info( const QString &path, bool *ok,VM::Emulator_Version version, const QString &internalName )
Message: Cannot get net cards info from emulator "/usr/bin/qemu-system-ppc64". Use default list

Type: Warning Num: 50
Date: 2024.03.15 10:59:25 450
Sender: Available_Devices System_Info::Get_Emulator_Info( const QString &path, bool *ok,VM::Emulator_Version version, const QString &internalName )
Message: Cannot get net cards info from emulator "/usr/bin/qemu-system-sh4". Use default list

Type: Warning Num: 53
Date: 2024.03.15 10:59:25 647
Sender: Available_Devices System_Info::Get_Emulator_Info( const QString &path, bool *ok,VM::Emulator_Version version, const QString &internalName )
Message: Cannot get net cards info from emulator "/usr/bin/qemu-system-sh4eb". Use default list

Type: Warning Num: 56
Date: 2024.03.15 10:59:25 766
Sender: Available_Devices System_Info::Get_Emulator_Info( const QString &path, bool *ok,VM::Emulator_Version version, const QString &internalName )
Message: Cannot get CPU's info from emulator "/usr/bin/qemu-system-sparc". Use default list

Type: Warning Num: 57
Date: 2024.03.15 10:59:25 814
Sender: Available_Devices System_Info::Get_Emulator_Info( const QString &path, bool *ok,VM::Emulator_Version version, const QString &internalName )
Message: Unregistred Sound Card Name: "Machine"

Type: Error Num: 58
Date: 2024.03.15 10:59:25 922
Sender: Available_Devices System_Info::Get_Emulator_Info( const QString &path, bool *ok,VM::Emulator_Version version, const QString &internalName )
Message: Cannot get QEMU network card ID string!

Type: Warning Num: 59
Date: 2024.03.15 10:59:25 923
Sender: Available_Devices System_Info::Get_Emulator_Info( const QString &path, bool *ok,VM::Emulator_Version version, const QString &internalName )
Message: Cannot get net cards info from emulator "/usr/bin/qemu-system-sparc". Use default list

Type: Warning Num: 62
Date: 2024.03.15 10:59:26 124
Sender: Available_Devices System_Info::Get_Emulator_Info( const QString &path, bool *ok,VM::Emulator_Version version, const QString &internalName )
Message: Cannot get CPU's info from emulator "/usr/bin/qemu-system-sparc64". Use default list

Type: Error Num: 63
Date: 2024.03.15 10:59:28 185
Sender: QStringList System_Info::Get_Emulator_Output( const QString &path, const QStringList &args )
Message: Time left. File: "/usr/bin/qemu-system-sparc64" Args: "/usr/bin/qemu-system-sparc64"

Type: Warning Num: 64
Date: 2024.03.15 10:59:28 185
Sender: Available_Devices System_Info::Get_Emulator_Info( const QString &path, bool *ok,VM::Emulator_Version version, const QString &internalName )
Message: Cannot get net cards info from emulator "/usr/bin/qemu-system-sparc64". Use default list

Type: Error Num: 67
Date: 2024.03.15 10:59:28 523
Sender: Available_Devices System_Info::Get_Emulator_Info( const QString &path, bool *ok,VM::Emulator_Version version, const QString &internalName )
Message: Cannot get QEMU network card ID string!

Type: Warning Num: 68
Date: 2024.03.15 10:59:28 523
Sender: Available_Devices System_Info::Get_Emulator_Info( const QString &path, bool *ok,VM::Emulator_Version version, const QString &internalName )
Message: Cannot get net cards info from emulator "/usr/bin/qemu-system-x86_64". Use default list

Type: Warning Num: 73
Date: 2024.03.15 10:59:28 767
Sender: Available_Devices System_Info::Get_Emulator_Info( const QString &path, bool *ok,VM::Emulator_Version version, const QString &internalName )
Message: Cannot get net cards info from emulator "/bin/qemu-system-arm". Use default list

Type: Warning Num: 76
Date: 2024.03.15 10:59:28 909
Sender: Available_Devices System_Info::Get_Emulator_Info( const QString &path, bool *ok,VM::Emulator_Version version, const QString &internalName )
Message: Unregistred Sound Card Name: "Machine"

Type: Error Num: 77
Date: 2024.03.15 10:59:29 024
Sender: Available_Devices System_Info::Get_Emulator_Info( const QString &path, bool *ok,VM::Emulator_Version version, const QString &internalName )
Message: Cannot get QEMU network card ID string!

Type: Warning Num: 78
Date: 2024.03.15 10:59:29 024
Sender: Available_Devices System_Info::Get_Emulator_Info( const QString &path, bool *ok,VM::Emulator_Version version, const QString &internalName )
Message: Cannot get net cards info from emulator "/bin/qemu-system-cris". Use default list

Type: Warning Num: 81
Date: 2024.03.15 10:59:29 162
Sender: Available_Devices System_Info::Get_Emulator_Info( const QString &path, bool *ok,VM::Emulator_Version version, const QString &internalName )
Message: Unregistred Sound Card Name: "Machine"

Type: Error Num: 82
Date: 2024.03.15 10:59:29 209
Sender: Available_Devices System_Info::Get_Emulator_Info( const QString &path, bool *ok,VM::Emulator_Version version, const QString &internalName )
Message: Cannot get QEMU network card ID string!

Type: Warning Num: 83
Date: 2024.03.15 10:59:29 209
Sender: Available_Devices System_Info::Get_Emulator_Info( const QString &path, bool *ok,VM::Emulator_Version version, const QString &internalName )
Message: Cannot get net cards info from emulator "/bin/qemu-system-m68k". Use default list

Type: Warning Num: 86
Date: 2024.03.15 10:59:29 324
Sender: Available_Devices System_Info::Get_Emulator_Info( const QString &path, bool *ok,VM::Emulator_Version version, const QString &internalName )
Message: Cannot get CPU's info from emulator "/bin/qemu-system-microblaze". Use default list

Type: Warning Num: 87
Date: 2024.03.15 10:59:29 350
Sender: Available_Devices System_Info::Get_Emulator_Info( const QString &path, bool *ok,VM::Emulator_Version version, const QString &internalName )
Message: Unregistred Sound Card Name: "Machine"

Type: Error Num: 88
Date: 2024.03.15 10:59:29 397
Sender: Available_Devices System_Info::Get_Emulator_Info( const QString &path, bool *ok,VM::Emulator_Version version, const QString &internalName )
Message: Cannot get QEMU network card ID string!

Type: Warning Num: 89
Date: 2024.03.15 10:59:29 398
Sender: Available_Devices System_Info::Get_Emulator_Info( const QString &path, bool *ok,VM::Emulator_Version version, const QString &internalName )
Message: Cannot get net cards info from emulator "/bin/qemu-system-microblaze". Use default list

Type: Error Num: 92
Date: 2024.03.15 10:59:29 604
Sender: Available_Devices System_Info::Get_Emulator_Info( const QString &path, bool *ok,VM::Emulator_Version version, const QString &internalName )
Message: Cannot get QEMU network card ID string!

Type: Warning Num: 93
Date: 2024.03.15 10:59:29 604
Sender: Available_Devices System_Info::Get_Emulator_Info( const QString &path, bool *ok,VM::Emulator_Version version, const QString &internalName )
Message: Cannot get net cards info from emulator "/bin/qemu-system-mips". Use default list

Type: Error Num: 96
Date: 2024.03.15 10:59:29 820
Sender: Available_Devices System_Info::Get_Emulator_Info( const QString &path, bool *ok,VM::Emulator_Version version, const QString &internalName )
Message: Cannot get QEMU network card ID string!

Type: Warning Num: 97
Date: 2024.03.15 10:59:29 820
Sender: Available_Devices System_Info::Get_Emulator_Info( const QString &path, bool *ok,VM::Emulator_Version version, const QString &internalName )
Message: Cannot get net cards info from emulator "/bin/qemu-system-mips64". Use default list

Type: Error Num: 100
Date: 2024.03.15 10:59:30 035
Sender: Available_Devices System_Info::Get_Emulator_Info( const QString &path, bool *ok,VM::Emulator_Version version, const QString &internalName )
Message: Cannot get QEMU network card ID string!

Type: Warning Num: 101
Date: 2024.03.15 10:59:30 035
Sender: Available_Devices System_Info::Get_Emulator_Info( const QString &path, bool *ok,VM::Emulator_Version version, const QString &internalName )
Message: Cannot get net cards info from emulator "/bin/qemu-system-mips64el". Use default list

Type: Error Num: 104
Date: 2024.03.15 10:59:30 243
Sender: Available_Devices System_Info::Get_Emulator_Info( const QString &path, bool *ok,VM::Emulator_Version version, const QString &internalName )
Message: Cannot get QEMU network card ID string!

Type: Warning Num: 105
Date: 2024.03.15 10:59:30 243
Sender: Available_Devices System_Info::Get_Emulator_Info( const QString &path, bool *ok,VM::Emulator_Version version, const QString &internalName )
Message: Cannot get net cards info from emulator "/bin/qemu-system-mipsel". Use default list

Type: Error Num: 108
Date: 2024.03.15 10:59:30 499
Sender: Available_Devices System_Info::Get_Emulator_Info( const QString &path, bool *ok,VM::Emulator_Version version, const QString &internalName )
Message: Cannot get QEMU network card ID string!

Type: Warning Num: 109
Date: 2024.03.15 10:59:30 499
Sender: Available_Devices System_Info::Get_Emulator_Info( const QString &path, bool *ok,VM::Emulator_Version version, const QString &internalName )
Message: Cannot get net cards info from emulator "/bin/qemu-system-ppc". Use default list

Type: Error Num: 112
Date: 2024.03.15 10:59:30 775
Sender: Available_Devices System_Info::Get_Emulator_Info( const QString &path, bool *ok,VM::Emulator_Version version, const QString &internalName )
Message: Cannot get QEMU network card ID string!

Type: Warning Num: 113
Date: 2024.03.15 10:59:30 775
Sender: Available_Devices System_Info::Get_Emulator_Info( const QString &path, bool *ok,VM::Emulator_Version version, const QString &internalName )
Message: Cannot get net cards info from emulator "/bin/qemu-system-ppc64". Use default list

Type: Warning Num: 116
Date: 2024.03.15 10:59:30 977
Sender: Available_Devices System_Info::Get_Emulator_Info( const QString &path, bool *ok,VM::Emulator_Version version, const QString &internalName )
Message: Cannot get net cards info from emulator "/bin/qemu-system-sh4". Use default list

Type: Warning Num: 119
Date: 2024.03.15 10:59:31 175
Sender: Available_Devices System_Info::Get_Emulator_Info( const QString &path, bool *ok,VM::Emulator_Version version, const QString &internalName )
Message: Cannot get net cards info from emulator "/bin/qemu-system-sh4eb". Use default list

Type: Warning Num: 122
Date: 2024.03.15 10:59:31 291
Sender: Available_Devices System_Info::Get_Emulator_Info( const QString &path, bool *ok,VM::Emulator_Version version, const QString &internalName )
Message: Cannot get CPU's info from emulator "/bin/qemu-system-sparc". Use default list

Type: Warning Num: 123
Date: 2024.03.15 10:59:31 322
Sender: Available_Devices System_Info::Get_Emulator_Info( const QString &path, bool *ok,VM::Emulator_Version version, const QString &internalName )
Message: Unregistred Sound Card Name: "Machine"

Type: Error Num: 124
Date: 2024.03.15 10:59:31 383
Sender: Available_Devices System_Info::Get_Emulator_Info( const QString &path, bool *ok,VM::Emulator_Version version, const QString &internalName )
Message: Cannot get QEMU network card ID string!

Type: Warning Num: 125
Date: 2024.03.15 10:59:31 383
Sender: Available_Devices System_Info::Get_Emulator_Info( const QString &path, bool *ok,VM::Emulator_Version version, const QString &internalName )
Message: Cannot get net cards info from emulator "/bin/qemu-system-sparc". Use default list

Type: Warning Num: 128
Date: 2024.03.15 10:59:31 501
Sender: Available_Devices System_Info::Get_Emulator_Info( const QString &path, bool *ok,VM::Emulator_Version version, const QString &internalName )
Message: Cannot get CPU's info from emulator "/bin/qemu-system-sparc64". Use default list

Type: Error Num: 129
Date: 2024.03.15 10:59:33 535
Sender: QStringList System_Info::Get_Emulator_Output( const QString &path, const QStringList &args )
Message: Time left. File: "/bin/qemu-system-sparc64" Args: "/bin/qemu-system-sparc64"

Type: Warning Num: 130
Date: 2024.03.15 10:59:33 536
Sender: Available_Devices System_Info::Get_Emulator_Info( const QString &path, bool *ok,VM::Emulator_Version version, const QString &internalName )
Message: Cannot get net cards info from emulator "/bin/qemu-system-sparc64". Use default list

Type: Error Num: 133
Date: 2024.03.15 10:59:33 840
Sender: Available_Devices System_Info::Get_Emulator_Info( const QString &path, bool *ok,VM::Emulator_Version version, const QString &internalName )
Message: Cannot get QEMU network card ID string!

Type: Warning Num: 134
Date: 2024.03.15 10:59:33 840
Sender: Available_Devices System_Info::Get_Emulator_Info( const QString &path, bool *ok,VM::Emulator_Version version, const QString &internalName )
Message: Cannot get net cards info from emulator "/bin/qemu-system-x86_64". Use default list

Type: Error Num: 138
Date: 2024.03.15 10:59:33 850
Sender: QMap<QString, QString> System_Info::Find_QEMU_Binary_Files( const QString &path )
Message: Path "/snap/bin/" not exists!

Type: Warning Num: 141
Date: 2024.03.15 10:59:44 233
Sender: bool Emulator::Load( const QString &path )
Message: No "qemu-system-ppcemb" element!

Type: Warning Num: 143
Date: 2024.03.15 10:59:44 238
Sender: bool Emulator::Load( const QString &path )
Message: No "qemu-system-ppcemb" element!

Type: Warning Num: 146
Date: 2024.03.15 10:59:44 270
Sender: bool Emulator::Load( const QString &path )
Message: No "qemu-system-ppcemb" element!

Type: Warning Num: 148
Date: 2024.03.15 10:59:44 277
Sender: bool Emulator::Load( const QString &path )
Message: No "qemu-system-ppcemb" element!

Type: Warning Num: 150
Date: 2024.03.15 10:59:44 344
Sender: bool Emulator::Load( const QString &path )
Message: No "qemu-system-ppcemb" element!

Type: Warning Num: 152
Date: 2024.03.15 10:59:44 349
Sender: bool Emulator::Load( const QString &path )
Message: No "qemu-system-ppcemb" element!

Type: Warning Num: 153
Date: 2024.03.15 10:59:44 380
Sender: Main_Window::Main_Window( QWidget *parent )
Message: No VM Loaded!

